<?xml version="1.0" encoding="UTF-8"?>
<testsuite xmlns:xsi="http://www.w3.org/2001/XMLSchema-instance" xsi:noNamespaceSchemaLocation="https://maven.apache.org/surefire/maven-surefire-plugin/xsd/surefire-test-report.xsd" name="com.example.springbootcoindesk.controller.CurrencyControllerTest" time="1.036" tests="4" errors="0" skipped="0" failures="0">
  <properties>
[...]
</properties>
  <testcase name="testAddCurrency" classname="com.example.springbootcoindesk.controller.CurrencyControllerTest" time="0.126"/>
  <testcase name="testUpdateCurrency" classname="com.example.springbootcoindesk.controller.CurrencyControllerTest" time="0.015"/>
  <testcase name="testGetAllCurrencies" classname="com.example.springbootcoindesk.controller.CurrencyControllerTest" time="0"/>
  <testcase name="testDeleteCurrency" classname="com.example.springbootcoindesk.controller.CurrencyControllerTest" time="0"/>
</testsuite>